2021-05-05 10:33:38,327 - test_submitForm - INFO - setting up name as: Marco
2021-05-05 10:33:38,404 - test_submitForm - INFO - setting up email as: marco.moro1@gmail.com
2021-05-05 10:33:38,497 - test_submitForm - INFO - setting up password as: 123456
2021-05-05 10:33:38,559 - test_submitForm - INFO - setting up gender as: Male
2021-05-05 10:33:38,702 - test_submitForm - INFO - test from application is: ×
Success! The Form has been submitted successfully!.
2021-05-05 10:33:39,033 - test_submitForm - INFO - setting up name as: Gina
2021-05-05 10:33:39,033 - test_submitForm - INFO - setting up name as: Gina
2021-05-05 10:33:39,106 - test_submitForm - INFO - setting up email as: Gina@gmail.com
2021-05-05 10:33:39,106 - test_submitForm - INFO - setting up email as: Gina@gmail.com
2021-05-05 10:33:39,176 - test_submitForm - INFO - setting up password as: 123456
2021-05-05 10:33:39,176 - test_submitForm - INFO - setting up password as: 123456
2021-05-05 10:33:39,256 - test_submitForm - INFO - setting up gender as: Female
2021-05-05 10:33:39,256 - test_submitForm - INFO - setting up gender as: Female
2021-05-05 10:33:39,404 - test_submitForm - INFO - test from application is: ×
Success! The Form has been submitted successfully!.
2021-05-05 10:33:39,404 - test_submitForm - INFO - test from application is: ×
Success! The Form has been submitted successfully!.
2021-05-05 10:34:51,841 - test_submitForm - INFO - setting up name as: Marco
2021-05-05 10:34:51,916 - test_submitForm - INFO - setting up email as: marco.moro1@gmail.com
2021-05-05 10:34:51,994 - test_submitForm - INFO - setting up password as: 123456
2021-05-05 10:34:52,057 - test_submitForm - INFO - setting up gender as: Male
2021-05-05 10:34:52,201 - test_submitForm - INFO - test from application is: ×
Success! The Form has been submitted successfully!.
2021-05-05 10:34:52,606 - test_submitForm - INFO - setting up name as: Gina
2021-05-05 10:34:52,606 - test_submitForm - INFO - setting up name as: Gina
2021-05-05 10:34:52,673 - test_submitForm - INFO - setting up email as: Gina@gmail.com
2021-05-05 10:34:52,673 - test_submitForm - INFO - setting up email as: Gina@gmail.com
2021-05-05 10:34:52,745 - test_submitForm - INFO - setting up password as: 123456
2021-05-05 10:34:52,745 - test_submitForm - INFO - setting up password as: 123456
2021-05-05 10:34:52,809 - test_submitForm - INFO - setting up gender as: Female
2021-05-05 10:34:52,809 - test_submitForm - INFO - setting up gender as: Female
2021-05-05 10:34:52,971 - test_submitForm - INFO - test from application is: ×
Success! The Form has been submitted successfully!.
2021-05-05 10:34:52,971 - test_submitForm - INFO - test from application is: ×
Success! The Form has been submitted successfully!.
2021-05-05 10:37:40,123 - test_submitForm - INFO - setting up name as: Marco
2021-05-05 10:37:40,202 - test_submitForm - INFO - setting up email as: marco.moro1@gmail.com
2021-05-05 10:37:40,289 - test_submitForm - INFO - setting up password as: 123456
2021-05-05 10:37:40,364 - test_submitForm - INFO - setting up gender as: Male
2021-05-05 10:37:40,499 - test_submitForm - INFO - test from application is: ×
Success! The Form has been submitted successfully!.
2021-05-05 10:37:40,828 - test_submitForm - INFO - setting up name as: Gina
2021-05-05 10:37:40,828 - test_submitForm - INFO - setting up name as: Gina
2021-05-05 10:37:40,911 - test_submitForm - INFO - setting up email as: Gina@gmail.com
2021-05-05 10:37:40,911 - test_submitForm - INFO - setting up email as: Gina@gmail.com
2021-05-05 10:37:40,984 - test_submitForm - INFO - setting up password as: 123456
2021-05-05 10:37:40,984 - test_submitForm - INFO - setting up password as: 123456
2021-05-05 10:37:41,059 - test_submitForm - INFO - setting up gender as: Female
2021-05-05 10:37:41,059 - test_submitForm - INFO - setting up gender as: Female
2021-05-05 10:37:41,212 - test_submitForm - INFO - test from application is: ×
Success! The Form has been submitted successfully!.
2021-05-05 10:37:41,212 - test_submitForm - INFO - test from application is: ×
Success! The Form has been submitted successfully!.
2021-05-05 10:39:31,150 - test_submitForm - INFO - setting up name as: Marco
2021-05-05 10:43:04,505 - test_submitForm - INFO - setting up name as: Marco
2021-05-05 10:46:52,942 - test_submitForm - INFO - setting up name as: Marco1
2021-05-05 10:50:37,933 - test_submitForm - INFO - setting up name as: Marco1
2021-05-05 10:54:20,030 - test_submitForm - INFO - setting up name as: Marco1
2021-05-05 12:08:27,308 - test_submitForm - INFO - setting up name as: Marco1
2021-05-05 12:08:27,382 - test_submitForm - INFO - setting up email as: marco.moro1@gmail.com
2021-05-05 12:08:27,466 - test_submitForm - INFO - setting up password as: 12345
2021-05-05 12:08:27,528 - test_submitForm - INFO - setting up gender as: Male
2021-05-05 12:08:27,657 - test_submitForm - INFO - test from application is: ×
Success! The Form has been submitted successfully!.
